<?xml version="1.0" encoding="UTF-8"?>
<!-- Generated by org.testng.reporters.JUnitReportReporter -->
<testsuite skipped="0" hostname="DESKTOP-070DR37" name="common.SeleniumHelper" tests="1" failures="0" timestamp="22 May 2019 09:25:21 GMT" time="17.892" errors="0">
  <testcase name="Init" time="17.892" classname="common.SeleniumHelper"/>
</testsuite> <!-- common.SeleniumHelper -->
